[07/28/2022 20:10:29] Debug: Session id: deab2ed4-5b97-4205-a5d6-6feeddee2dd3
[07/28/2022 20:10:29] Debug: Code Processor information: Name :SnowConvert, Version: 7.11.15.0
[07/28/2022 20:10:30] Debug: Getting license
[07/28/2022 20:10:30] Debug: License information
	Status: Failed
	Message: No active license available.
[07/28/2022 20:10:30] Info: Starting to validate parameters
[07/28/2022 20:10:30] Info: Parameters to validate: 
	Execution mode: Conversion
	LICENSE_KEY: a3372138-b87e-4a08-b929-3b48b24c63f1
[07/28/2022 20:10:30] Info: Validation of parameters: Success
[07/28/2022 20:10:30] Debug: Getting code descriptor
[07/28/2022 20:10:30] Debug: Code descriptor information
	Units: 51
	Units type: LOC
	All file bytes: 2141
	All found extensions: .sql,.dml,.ddl,.bteq,.btq,.fl,.fload,.ml,.mload,.mld,.tp,.tpump,.tpt
[07/28/2022 20:10:30] Debug: Calculating fingerprint
[07/28/2022 20:10:30] Debug: Fingerprint information Fingerprint(size=2141,projects=1)
[07/28/2022 20:10:30] Info: Starting to try to validate online license for execution
[07/28/2022 20:10:31] Debug: Getting license
[07/28/2022 20:10:31] Debug: License information
	Status: Failed
	Message: No active license available.
[07/28/2022 20:10:31] Debug: Starting the execution of the controller
[07/28/2022 20:10:32] Debug: Executing the worker: SnowConvert
[07/28/2022 20:10:44] Debug: Finished executing the worker: SnowConvert
[07/28/2022 20:10:46] Info: Controller execution ended
